  Camera.cpp
  Player.cpp
  GameScene.cpp
C:\Users\fatto\OneDrive\デスクトップ\BattleShooting\Src\Scene\GameScene.cpp(187,28): warning C4244: '引数': 'float' から 'int' への変換です。データが失われる可能性があります。
C:\Users\fatto\OneDrive\デスクトップ\BattleShooting\Src\Scene\GameScene.cpp(187,19): warning C4244: '引数': 'float' から 'int' への変換です。データが失われる可能性があります。
  SelectScene.cpp
C:\Users\fatto\OneDrive\デスクトップ\BattleShooting\Src\Scene\SelectScene.cpp(41,47): warning C4244: '=': 'int' から 'float' への変換です。データが失われる可能性があります。
C:\Users\fatto\OneDrive\デスクトップ\BattleShooting\Src\Scene\SelectScene.cpp(44,47): warning C4244: '=': 'int' から 'float' への変換です。データが失われる可能性があります。
C:\Users\fatto\OneDrive\デスクトップ\BattleShooting\Src\Scene\SelectScene.cpp(97,76): warning C4244: '引数': 'float' から 'int' への変換です。データが失われる可能性があります。
C:\Users\fatto\OneDrive\デスクトップ\BattleShooting\Src\Scene\SelectScene.cpp(97,58): warning C4244: '引数': 'float' から 'int' への変換です。データが失われる可能性があります。
C:\Users\fatto\OneDrive\デスクトップ\BattleShooting\Src\Scene\SelectScene.cpp(97,40): warning C4244: '引数': 'float' から 'int' への変換です。データが失われる可能性があります。
C:\Users\fatto\OneDrive\デスクトップ\BattleShooting\Src\Scene\SelectScene.cpp(97,22): warning C4244: '引数': 'float' から 'int' への変換です。データが失われる可能性があります。
C:\Users\fatto\OneDrive\デスクトップ\BattleShooting\Src\Scene\SelectScene.cpp(100,77): warning C4244: '引数': 'float' から 'int' への変換です。データが失われる可能性があります。
C:\Users\fatto\OneDrive\デスクトップ\BattleShooting\Src\Scene\SelectScene.cpp(100,59): warning C4244: '引数': 'float' から 'int' への変換です。データが失われる可能性があります。
C:\Users\fatto\OneDrive\デスクトップ\BattleShooting\Src\Scene\SelectScene.cpp(100,41): warning C4244: '引数': 'float' から 'int' への変換です。データが失われる可能性があります。
C:\Users\fatto\OneDrive\デスクトップ\BattleShooting\Src\Scene\SelectScene.cpp(100,23): warning C4244: '引数': 'float' から 'int' への変換です。データが失われる可能性があります。
C:\Users\fatto\OneDrive\デスクトップ\BattleShooting\Src\Scene\SelectScene.cpp(107,75): warning C4244: '引数': 'float' から 'int' への変換です。データが失われる可能性があります。
C:\Users\fatto\OneDrive\デスクトップ\BattleShooting\Src\Scene\SelectScene.cpp(107,57): warning C4244: '引数': 'float' から 'int' への変換です。データが失われる可能性があります。
C:\Users\fatto\OneDrive\デスクトップ\BattleShooting\Src\Scene\SelectScene.cpp(107,39): warning C4244: '引数': 'float' から 'int' への変換です。データが失われる可能性があります。
C:\Users\fatto\OneDrive\デスクトップ\BattleShooting\Src\Scene\SelectScene.cpp(107,21): warning C4244: '引数': 'float' から 'int' への変換です。データが失われる可能性があります。
C:\Users\fatto\OneDrive\デスクトップ\BattleShooting\Src\Scene\SelectScene.cpp(111,75): warning C4244: '引数': 'float' から 'int' への変換です。データが失われる可能性があります。
C:\Users\fatto\OneDrive\デスクトップ\BattleShooting\Src\Scene\SelectScene.cpp(111,57): warning C4244: '引数': 'float' から 'int' への変換です。データが失われる可能性があります。
C:\Users\fatto\OneDrive\デスクトップ\BattleShooting\Src\Scene\SelectScene.cpp(111,39): warning C4244: '引数': 'float' から 'int' への変換です。データが失われる可能性があります。
C:\Users\fatto\OneDrive\デスクトップ\BattleShooting\Src\Scene\SelectScene.cpp(111,21): warning C4244: '引数': 'float' から 'int' への変換です。データが失われる可能性があります。
C:\Users\fatto\OneDrive\デスクトップ\BattleShooting\Src\Scene\SelectScene.cpp(117,75): warning C4244: '引数': 'float' から 'int' への変換です。データが失われる可能性があります。
C:\Users\fatto\OneDrive\デスクトップ\BattleShooting\Src\Scene\SelectScene.cpp(117,57): warning C4244: '引数': 'float' から 'int' への変換です。データが失われる可能性があります。
C:\Users\fatto\OneDrive\デスクトップ\BattleShooting\Src\Scene\SelectScene.cpp(117,39): warning C4244: '引数': 'float' から 'int' への変換です。データが失われる可能性があります。
C:\Users\fatto\OneDrive\デスクトップ\BattleShooting\Src\Scene\SelectScene.cpp(117,21): warning C4244: '引数': 'float' から 'int' への変換です。データが失われる可能性があります。
C:\Users\fatto\OneDrive\デスクトップ\BattleShooting\Src\Scene\SelectScene.cpp(121,75): warning C4244: '引数': 'float' から 'int' への変換です。データが失われる可能性があります。
C:\Users\fatto\OneDrive\デスクトップ\BattleShooting\Src\Scene\SelectScene.cpp(121,57): warning C4244: '引数': 'float' から 'int' への変換です。データが失われる可能性があります。
C:\Users\fatto\OneDrive\デスクトップ\BattleShooting\Src\Scene\SelectScene.cpp(121,39): warning C4244: '引数': 'float' から 'int' への変換です。データが失われる可能性があります。
C:\Users\fatto\OneDrive\デスクトップ\BattleShooting\Src\Scene\SelectScene.cpp(121,21): warning C4244: '引数': 'float' から 'int' への変換です。データが失われる可能性があります。
  コードを生成中...
Effekseer_vs2019_x64_d.lib(Effekseer.CurveLoader.obj) : warning LNK4099: PDB '' が 'Effekseer_vs2019_x64_d.lib(Effekseer.CurveLoader.obj)' で、または '' に見つかりません。デバッグ情報がないものとして、オブジェクトにリンクします。
Effekseer_vs2019_x64_d.lib(Effekseer.Effect.obj) : warning LNK4099: PDB '' が 'Effekseer_vs2019_x64_d.lib(Effekseer.Effect.obj)' で、または '' に見つかりません。デバッグ情報がないものとして、オブジェクトにリンクします。
Effekseer_vs2019_x64_d.lib(Effekseer.EffectNode.obj) : warning LNK4099: PDB '' が 'Effekseer_vs2019_x64_d.lib(Effekseer.EffectNode.obj)' で、または '' に見つかりません。デバッグ情報がないものとして、オブジェクトにリンクします。
Effekseer_vs2019_x64_d.lib(Effekseer.EffectNodeRing.obj) : warning LNK4099: PDB '' が 'Effekseer_vs2019_x64_d.lib(Effekseer.EffectNodeRing.obj)' で、または '' に見つかりません。デバッグ情報がないものとして、オブジェクトにリンクします。
Effekseer_vs2019_x64_d.lib(Effekseer.FCurves.obj) : warning LNK4099: PDB '' が 'Effekseer_vs2019_x64_d.lib(Effekseer.FCurves.obj)' で、または '' に見つかりません。デバッグ情報がないものとして、オブジェクトにリンクします。
Effekseer_vs2019_x64_d.lib(Effekseer.Instance.obj) : warning LNK4099: PDB '' が 'Effekseer_vs2019_x64_d.lib(Effekseer.Instance.obj)' で、または '' に見つかりません。デバッグ情報がないものとして、オブジェクトにリンクします。
Effekseer_vs2019_x64_d.lib(Effekseer.InstanceContainer.obj) : warning LNK4099: PDB '' が 'Effekseer_vs2019_x64_d.lib(Effekseer.InstanceContainer.obj)' で、または '' に見つかりません。デバッグ情報がないものとして、オブジェクトにリンクします。
Effekseer_vs2019_x64_d.lib(Effekseer.InternalScript.obj) : warning LNK4099: PDB '' が 'Effekseer_vs2019_x64_d.lib(Effekseer.InternalScript.obj)' で、または '' に見つかりません。デバッグ情報がないものとして、オブジェクトにリンクします。
Effekseer_vs2019_x64_d.lib(Effekseer.Manager.obj) : warning LNK4099: PDB '' が 'Effekseer_vs2019_x64_d.lib(Effekseer.Manager.obj)' で、または '' に見つかりません。デバッグ情報がないものとして、オブジェクトにリンクします。
Effekseer_vs2019_x64_d.lib(Effekseer.Matrix44.obj) : warning LNK4099: PDB '' が 'Effekseer_vs2019_x64_d.lib(Effekseer.Matrix44.obj)' で、または '' に見つかりません。デバッグ情報がないものとして、オブジェクトにリンクします。
Effekseer_vs2019_x64_d.lib(Effekseer.ResourceManager.obj) : warning LNK4099: PDB '' が 'Effekseer_vs2019_x64_d.lib(Effekseer.ResourceManager.obj)' で、または '' に見つかりません。デバッグ情報がないものとして、オブジェクトにリンクします。
Effekseer_vs2019_x64_d.lib(Effekseer.Setting.obj) : warning LNK4099: PDB '' が 'Effekseer_vs2019_x64_d.lib(Effekseer.Setting.obj)' で、または '' に見つかりません。デバッグ情報がないものとして、オブジェクトにリンクします。
Effekseer_vs2019_x64_d.lib(Effekseer.Server.obj) : warning LNK4099: PDB '' が 'Effekseer_vs2019_x64_d.lib(Effekseer.Server.obj)' で、または '' に見つかりません。デバッグ情報がないものとして、オブジェクトにリンクします。
Effekseer_vs2019_x64_d.lib(Culling3D.Grid.obj) : warning LNK4099: PDB '' が 'Effekseer_vs2019_x64_d.lib(Culling3D.Grid.obj)' で、または '' に見つかりません。デバッグ情報がないものとして、オブジェクトにリンクします。
Effekseer_vs2019_x64_d.lib(Culling3D.Layer.obj) : warning LNK4099: PDB '' が 'Effekseer_vs2019_x64_d.lib(Culling3D.Layer.obj)' で、または '' に見つかりません。デバッグ情報がないものとして、オブジェクトにリンクします。
Effekseer_vs2019_x64_d.lib(Culling3D.Matrix44.obj) : warning LNK4099: PDB '' が 'Effekseer_vs2019_x64_d.lib(Culling3D.Matrix44.obj)' で、または '' に見つかりません。デバッグ情報がないものとして、オブジェクトにリンクします。
Effekseer_vs2019_x64_d.lib(Culling3D.WorldInternal.obj) : warning LNK4099: PDB '' が 'Effekseer_vs2019_x64_d.lib(Culling3D.WorldInternal.obj)' で、または '' に見つかりません。デバッグ情報がないものとして、オブジェクトにリンクします。
Effekseer_vs2019_x64_d.lib(Effekseer.MaterialFile.obj) : warning LNK4099: PDB '' が 'Effekseer_vs2019_x64_d.lib(Effekseer.MaterialFile.obj)' で、または '' に見つかりません。デバッグ情報がないものとして、オブジェクトにリンクします。
Effekseer_vs2019_x64_d.lib(Effekseer.CompiledMaterial.obj) : warning LNK4099: PDB '' が 'Effekseer_vs2019_x64_d.lib(Effekseer.CompiledMaterial.obj)' で、または '' に見つかりません。デバッグ情報がないものとして、オブジェクトにリンクします。
Effekseer_vs2019_x64_d.lib(Effekseer.EfkEfcFactory.obj) : warning LNK4099: PDB '' が 'Effekseer_vs2019_x64_d.lib(Effekseer.EfkEfcFactory.obj)' で、または '' に見つかりません。デバッグ情報がないものとして、オブジェクトにリンクします。
Effekseer_vs2019_x64_d.lib(Effekseer.Parameters.obj) : warning LNK4099: PDB '' が 'Effekseer_vs2019_x64_d.lib(Effekseer.Parameters.obj)' で、または '' に見つかりません。デバッグ情報がないものとして、オブジェクトにリンクします。
Effekseer_vs2019_x64_d.lib(CurlNoise.obj) : warning LNK4099: PDB '' が 'Effekseer_vs2019_x64_d.lib(CurlNoise.obj)' で、または '' に見つかりません。デバッグ情報がないものとして、オブジェクトにリンクします。
Effekseer_vs2019_x64_d.lib(ForceFields.obj) : warning LNK4099: PDB '' が 'Effekseer_vs2019_x64_d.lib(ForceFields.obj)' で、または '' に見つかりません。デバッグ情報がないものとして、オブジェクトにリンクします。
Effekseer_vs2019_x64_d.lib(ProceduralModelGenerator.obj) : warning LNK4099: PDB '' が 'Effekseer_vs2019_x64_d.lib(ProceduralModelGenerator.obj)' で、または '' に見つかりません。デバッグ情報がないものとして、オブジェクトにリンクします。
Effekseer_vs2019_x64_d.lib(Model.obj) : warning LNK4099: PDB '' が 'Effekseer_vs2019_x64_d.lib(Model.obj)' で、または '' に見つかりません。デバッグ情報がないものとして、オブジェクトにリンクします。
Effekseer_vs2019_x64_d.lib(SplineGenerator.obj) : warning LNK4099: PDB '' が 'Effekseer_vs2019_x64_d.lib(SplineGenerator.obj)' で、または '' に見つかりません。デバッグ情報がないものとして、オブジェクトにリンクします。
EffekseerRendererDX9_vs2019_x64_d.lib(EffekseerRenderer.DDSTextureLoader.obj) : warning LNK4099: PDB '' が 'EffekseerRendererDX9_vs2019_x64_d.lib(EffekseerRenderer.DDSTextureLoader.obj)' で、または '' に見つかりません。デバッグ情報がないものとして、オブジェクトにリンクします。
EffekseerRendererDX9_vs2019_x64_d.lib(EffekseerRenderer.PngTextureLoader.obj) : warning LNK4099: PDB '' が 'EffekseerRendererDX9_vs2019_x64_d.lib(EffekseerRenderer.PngTextureLoader.obj)' で、または '' に見つかりません。デバッグ情報がないものとして、オブジェクトにリンクします。
EffekseerRendererDX9_vs2019_x64_d.lib(EffekseerRenderer.Renderer.obj) : warning LNK4099: PDB '' が 'EffekseerRendererDX9_vs2019_x64_d.lib(EffekseerRenderer.Renderer.obj)' で、または '' に見つかりません。デバッグ情報がないものとして、オブジェクトにリンクします。
EffekseerRendererDX9_vs2019_x64_d.lib(EffekseerRenderer.TGATextureLoader.obj) : warning LNK4099: PDB '' が 'EffekseerRendererDX9_vs2019_x64_d.lib(EffekseerRenderer.TGATextureLoader.obj)' で、または '' に見つかりません。デバッグ情報がないものとして、オブジェクトにリンクします。
EffekseerRendererDX9_vs2019_x64_d.lib(ModelLoader.obj) : warning LNK4099: PDB '' が 'EffekseerRendererDX9_vs2019_x64_d.lib(ModelLoader.obj)' で、または '' に見つかりません。デバッグ情報がないものとして、オブジェクトにリンクします。
EffekseerRendererDX9_vs2019_x64_d.lib(TextureLoader.obj) : warning LNK4099: PDB '' が 'EffekseerRendererDX9_vs2019_x64_d.lib(TextureLoader.obj)' で、または '' に見つかりません。デバッグ情報がないものとして、オブジェクトにリンクします。
EffekseerRendererDX9_vs2019_x64_d.lib(EffekseerRendererDX9.DeviceObject.obj) : warning LNK4099: PDB '' が 'EffekseerRendererDX9_vs2019_x64_d.lib(EffekseerRendererDX9.DeviceObject.obj)' で、または '' に見つかりません。デバッグ情報がないものとして、オブジェクトにリンクします。
EffekseerRendererDX9_vs2019_x64_d.lib(EffekseerRendererDX9.MaterialLoader.obj) : warning LNK4099: PDB '' が 'EffekseerRendererDX9_vs2019_x64_d.lib(EffekseerRendererDX9.MaterialLoader.obj)' で、または '' に見つかりません。デバッグ情報がないものとして、オブジェクトにリンクします。
EffekseerRendererDX9_vs2019_x64_d.lib(EffekseerRendererDX9.ModelRenderer.obj) : warning LNK4099: PDB '' が 'EffekseerRendererDX9_vs2019_x64_d.lib(EffekseerRendererDX9.ModelRenderer.obj)' で、または '' に見つかりません。デバッグ情報がないものとして、オブジェクトにリンクします。
EffekseerRendererDX9_vs2019_x64_d.lib(EffekseerRendererDX9.Renderer.obj) : warning LNK4099: PDB '' が 'EffekseerRendererDX9_vs2019_x64_d.lib(EffekseerRendererDX9.Renderer.obj)' で、または '' に見つかりません。デバッグ情報がないものとして、オブジェクトにリンクします。
EffekseerRendererDX9_vs2019_x64_d.lib(EffekseerRendererDX9.Shader.obj) : warning LNK4099: PDB '' が 'EffekseerRendererDX9_vs2019_x64_d.lib(EffekseerRendererDX9.Shader.obj)' で、または '' に見つかりません。デバッグ情報がないものとして、オブジェクトにリンクします。
EffekseerRendererDX9_vs2019_x64_d.lib(GraphicsDevice.obj) : warning LNK4099: PDB '' が 'EffekseerRendererDX9_vs2019_x64_d.lib(GraphicsDevice.obj)' で、または '' に見つかりません。デバッグ情報がないものとして、オブジェクトにリンクします。
EffekseerRendererDX9_vs2019_x64_d.lib(EffekseerMaterialCompilerDX9.obj) : warning LNK4099: PDB '' が 'EffekseerRendererDX9_vs2019_x64_d.lib(EffekseerMaterialCompilerDX9.obj)' で、または '' に見つかりません。デバッグ情報がないものとして、オブジェクトにリンクします。
EffekseerRendererDX11_vs2019_x64_d.lib(EffekseerRendererDX11.DeviceObject.obj) : warning LNK4099: PDB '' が 'EffekseerRendererDX11_vs2019_x64_d.lib(EffekseerRendererDX11.DeviceObject.obj)' で、または '' に見つかりません。デバッグ情報がないものとして、オブジェクトにリンクします。
EffekseerRendererDX11_vs2019_x64_d.lib(EffekseerRendererDX11.MaterialLoader.obj) : warning LNK4099: PDB '' が 'EffekseerRendererDX11_vs2019_x64_d.lib(EffekseerRendererDX11.MaterialLoader.obj)' で、または '' に見つかりません。デバッグ情報がないものとして、オブジェクトにリンクします。
EffekseerRendererDX11_vs2019_x64_d.lib(EffekseerRendererDX11.ModelRenderer.obj) : warning LNK4099: PDB '' が 'EffekseerRendererDX11_vs2019_x64_d.lib(EffekseerRendererDX11.ModelRenderer.obj)' で、または '' に見つかりません。デバッグ情報がないものとして、オブジェクトにリンクします。
EffekseerRendererDX11_vs2019_x64_d.lib(EffekseerRendererDX11.Renderer.obj) : warning LNK4099: PDB '' が 'EffekseerRendererDX11_vs2019_x64_d.lib(EffekseerRendererDX11.Renderer.obj)' で、または '' に見つかりません。デバッグ情報がないものとして、オブジェクトにリンクします。
EffekseerRendererDX11_vs2019_x64_d.lib(GraphicsDevice.obj) : warning LNK4099: PDB '' が 'EffekseerRendererDX11_vs2019_x64_d.lib(GraphicsDevice.obj)' で、または '' に見つかりません。デバッグ情報がないものとして、オブジェクトにリンクします。
EffekseerRendererDX11_vs2019_x64_d.lib(EffekseerMaterialCompilerDX11.obj) : warning LNK4099: PDB '' が 'EffekseerRendererDX11_vs2019_x64_d.lib(EffekseerMaterialCompilerDX11.obj)' で、または '' に見つかりません。デバッグ情報がないものとして、オブジェクトにリンクします。
EffekseerForDXLib_vs2019_x64_d.lib(EffekseerForDXLib.obj) : warning LNK4099: PDB '' が 'EffekseerForDXLib_vs2019_x64_d.lib(EffekseerForDXLib.obj)' で、または '' に見つかりません。デバッグ情報がないものとして、オブジェクトにリンクします。
  BaseProject.vcxproj -> C:\Users\fatto\OneDrive\デスクトップ\BattleShooting\x64\Debug\BaseProject.exe
